GAS LISTING /var/folders/sh/lj4855x88xqgpw006s7bny180000gn/T//ccGEji4C.s 			page 1


   1               		.file	"belleville.c"
   2               	__SP_H__ = 0x3e
   3               	__SP_L__ = 0x3d
   4               	__SREG__ = 0x3f
   5               	__tmp_reg__ = 0
   6               	__zero_reg__ = 1
   7               		.text
   8               	.Ltext0:
   9               		.cfi_sections	.debug_frame
  10               	.global	Pitches1
  11               		.data
  12               		.type	Pitches1, @object
  13               		.size	Pitches1, 8
  14               	Pitches1:
  15 0000 D007      		.word	2000
  16 0002 E803      		.word	1000
  17 0004 DC05      		.word	1500
  18 0006 401F      		.word	8000
  19               	.global	Pitches2
  20               		.type	Pitches2, @object
  21               		.size	Pitches2, 10
  22               	Pitches2:
  23 0008 D606      		.word	1750
  24 000a DC05      		.word	1500
  25 000c E803      		.word	1000
  26 000e 7017      		.word	6000
  27 0010 1400      		.word	20
  28               		.text
  29               	.global	main
  30               		.type	main, @function
  31               	main:
  32               	.LFB0:
  33               		.file 1 "belleville.c"
   1:belleville.c  **** #include <avr/io.h>
   2:belleville.c  **** #include <avr/interrupt.h>
   3:belleville.c  **** 
   4:belleville.c  **** 
   5:belleville.c  **** inline void delayus();
   6:belleville.c  **** void delayuss(unsigned int micros);
   7:belleville.c  **** void delayms(uint16_t millis);
   8:belleville.c  **** inline unsigned long Random(void);
   9:belleville.c  **** 
  10:belleville.c  **** unsigned int Pitches1[] = {2000, 1000, 1500, 8000};
  11:belleville.c  **** unsigned int Pitches2[] = {1750, 1500, 1000, 6000, 20};
  12:belleville.c  **** 
  13:belleville.c  **** int main()
  14:belleville.c  **** {
  34               		.loc 1 14 1
  35               		.cfi_startproc
  36 0000 CF93      		push r28
  37               		.cfi_def_cfa_offset 3
  38               		.cfi_offset 28, -2
  39 0002 DF93      		push r29
  40               		.cfi_def_cfa_offset 4
  41               		.cfi_offset 29, -3
  42 0004 CDB7      		in r28,__SP_L__
  43 0006 DEB7      		in r29,__SP_H__
GAS LISTING /var/folders/sh/lj4855x88xqgpw006s7bny180000gn/T//ccGEji4C.s 			page 2


  44               		.cfi_def_cfa_register 28
  45 0008 6897      		sbiw r28,24
  46               		.cfi_def_cfa_offset 28
  47 000a 0FB6      		in __tmp_reg__,__SREG__
  48 000c F894      		cli
  49 000e DEBF      		out __SP_H__,r29
  50 0010 0FBE      		out __SREG__,__tmp_reg__
  51 0012 CDBF      		out __SP_L__,r28
  52               	/* prologue: function */
  53               	/* frame size = 24 */
  54               	/* stack size = 26 */
  55               	.L__stack_usage = 26
  15:belleville.c  **** 	unsigned int Sample1 = 0, Sample2 = 0;
  56               		.loc 1 15 15
  57 0014 1A82      		std Y+2,__zero_reg__
  58 0016 1982      		std Y+1,__zero_reg__
  59               		.loc 1 15 28
  60 0018 1C82      		std Y+4,__zero_reg__
  61 001a 1B82      		std Y+3,__zero_reg__
  16:belleville.c  **** 	unsigned int Output = 0;
  62               		.loc 1 16 15
  63 001c 1E82      		std Y+6,__zero_reg__
  64 001e 1D82      		std Y+5,__zero_reg__
  17:belleville.c  **** 	unsigned int Pitch1, Pitch2;
  18:belleville.c  **** 	unsigned char Note1 = 0, Note2 = 0;
  65               		.loc 1 18 16
  66 0020 1B86      		std Y+11,__zero_reg__
  67               		.loc 1 18 27
  68 0022 1C86      		std Y+12,__zero_reg__
  19:belleville.c  **** 	
  20:belleville.c  **** 	DDRB = (1 << 3) | (1 << 4);
  69               		.loc 1 20 2
  70 0024 87E3      		ldi r24,lo8(55)
  71 0026 90E0      		ldi r25,0
  72               		.loc 1 20 7
  73 0028 28E1      		ldi r18,lo8(24)
  74 002a FC01      		movw r30,r24
  75 002c 2083      		st Z,r18
  21:belleville.c  **** 	PORTB = (1 << 0) | (1 << 1);
  76               		.loc 1 21 2
  77 002e 88E3      		ldi r24,lo8(56)
  78 0030 90E0      		ldi r25,0
  79               		.loc 1 21 8
  80 0032 23E0      		ldi r18,lo8(3)
  81 0034 FC01      		movw r30,r24
  82 0036 2083      		st Z,r18
  22:belleville.c  **** 	
  23:belleville.c  **** 	Pitch1 = Pitches1[Note1];
  83               		.loc 1 23 19
  84 0038 8B85      		ldd r24,Y+11
  85 003a 882F      		mov r24,r24
  86 003c 90E0      		ldi r25,0
  87               		.loc 1 23 9
  88 003e 880F      		lsl r24
  89 0040 991F      		rol r25
  90 0042 8050      		subi r24,lo8(-(Pitches1))
  91 0044 9040      		sbci r25,hi8(-(Pitches1))
GAS LISTING /var/folders/sh/lj4855x88xqgpw006s7bny180000gn/T//ccGEji4C.s 			page 3


  92 0046 FC01      		movw r30,r24
  93 0048 8081      		ld r24,Z
  94 004a 9181      		ldd r25,Z+1
  95 004c 9887      		std Y+8,r25
  96 004e 8F83      		std Y+7,r24
  24:belleville.c  **** 	Pitch2 = Pitches2[Note2];
  97               		.loc 1 24 19
  98 0050 8C85      		ldd r24,Y+12
  99 0052 882F      		mov r24,r24
 100 0054 90E0      		ldi r25,0
 101               		.loc 1 24 9
 102 0056 880F      		lsl r24
 103 0058 991F      		rol r25
 104 005a 8050      		subi r24,lo8(-(Pitches2))
 105 005c 9040      		sbci r25,hi8(-(Pitches2))
 106 005e FC01      		movw r30,r24
 107 0060 8081      		ld r24,Z
 108 0062 9181      		ldd r25,Z+1
 109 0064 9A87      		std Y+10,r25
 110 0066 8987      		std Y+9,r24
 111               	.L9:
  25:belleville.c  **** 	
  26:belleville.c  **** 	while (1)
  27:belleville.c  **** 	{
  28:belleville.c  **** 		Sample1++;
 112               		.loc 1 28 10
 113 0068 8981      		ldd r24,Y+1
 114 006a 9A81      		ldd r25,Y+2
 115 006c 0196      		adiw r24,1
 116 006e 9A83      		std Y+2,r25
 117 0070 8983      		std Y+1,r24
  29:belleville.c  **** 		if (Sample1 >= Pitch1)
 118               		.loc 1 29 6
 119 0072 2981      		ldd r18,Y+1
 120 0074 3A81      		ldd r19,Y+2
 121 0076 8F81      		ldd r24,Y+7
 122 0078 9885      		ldd r25,Y+8
 123 007a 2817      		cp r18,r24
 124 007c 3907      		cpc r19,r25
 125 007e 00F0      		brlo .L2
  30:belleville.c  **** 		{
  31:belleville.c  **** 			Output = 3 - Output;
 126               		.loc 1 31 11
 127 0080 23E0      		ldi r18,lo8(3)
 128 0082 30E0      		ldi r19,0
 129 0084 8D81      		ldd r24,Y+5
 130 0086 9E81      		ldd r25,Y+6
 131 0088 A901      		movw r20,r18
 132 008a 481B      		sub r20,r24
 133 008c 590B      		sbc r21,r25
 134 008e CA01      		movw r24,r20
 135 0090 9E83      		std Y+6,r25
 136 0092 8D83      		std Y+5,r24
  32:belleville.c  **** 			Sample1 = 0;
 137               		.loc 1 32 12
 138 0094 1A82      		std Y+2,__zero_reg__
 139 0096 1982      		std Y+1,__zero_reg__
GAS LISTING /var/folders/sh/lj4855x88xqgpw006s7bny180000gn/T//ccGEji4C.s 			page 4


 140               	.L2:
  33:belleville.c  **** 		}
  34:belleville.c  **** 		
  35:belleville.c  **** 		Sample2++;
 141               		.loc 1 35 10
 142 0098 8B81      		ldd r24,Y+3
 143 009a 9C81      		ldd r25,Y+4
 144 009c 0196      		adiw r24,1
 145 009e 9C83      		std Y+4,r25
 146 00a0 8B83      		std Y+3,r24
  36:belleville.c  **** 		if (Sample2 >= Pitch2)
 147               		.loc 1 36 6
 148 00a2 2B81      		ldd r18,Y+3
 149 00a4 3C81      		ldd r19,Y+4
 150 00a6 8985      		ldd r24,Y+9
 151 00a8 9A85      		ldd r25,Y+10
 152 00aa 2817      		cp r18,r24
 153 00ac 3907      		cpc r19,r25
 154 00ae 00F0      		brlo .L3
  37:belleville.c  **** 		{
  38:belleville.c  **** 			Output = 3 - Output;
 155               		.loc 1 38 11
 156 00b0 23E0      		ldi r18,lo8(3)
 157 00b2 30E0      		ldi r19,0
 158 00b4 8D81      		ldd r24,Y+5
 159 00b6 9E81      		ldd r25,Y+6
 160 00b8 F901      		movw r30,r18
 161 00ba E81B      		sub r30,r24
 162 00bc F90B      		sbc r31,r25
 163 00be CF01      		movw r24,r30
 164 00c0 9E83      		std Y+6,r25
 165 00c2 8D83      		std Y+5,r24
  39:belleville.c  **** 			Sample2 = 0;
 166               		.loc 1 39 12
 167 00c4 1C82      		std Y+4,__zero_reg__
 168 00c6 1B82      		std Y+3,__zero_reg__
 169               	.L3:
  40:belleville.c  **** 		}
  41:belleville.c  **** 		
  42:belleville.c  **** 		if (!(PINB & 1))
 170               		.loc 1 42 9
 171 00c8 86E3      		ldi r24,lo8(54)
 172 00ca 90E0      		ldi r25,0
 173 00cc FC01      		movw r30,r24
 174 00ce 8081      		ld r24,Z
 175               		.loc 1 42 14
 176 00d0 882F      		mov r24,r24
 177 00d2 90E0      		ldi r25,0
 178 00d4 8170      		andi r24,1
 179 00d6 9927      		clr r25
 180               		.loc 1 42 6
 181 00d8 892B      		or r24,r25
 182 00da 01F4      		brne .L4
  43:belleville.c  **** 		{
  44:belleville.c  **** 			Note1 = Random() & 3;
 183               		.loc 1 44 12
 184 00dc 00D0      		rcall Random
GAS LISTING /var/folders/sh/lj4855x88xqgpw006s7bny180000gn/T//ccGEji4C.s 			page 5


 185 00de 6D87      		std Y+13,r22
 186 00e0 7E87      		std Y+14,r23
 187 00e2 8F87      		std Y+15,r24
 188 00e4 988B      		std Y+16,r25
 189               		.loc 1 44 21
 190 00e6 8D85      		ldd r24,Y+13
 191               		.loc 1 44 10
 192 00e8 8370      		andi r24,lo8(3)
 193 00ea 8B87      		std Y+11,r24
  45:belleville.c  **** 			Pitch1 = Pitches1[Note1];
 194               		.loc 1 45 21
 195 00ec 8B85      		ldd r24,Y+11
 196 00ee 882F      		mov r24,r24
 197 00f0 90E0      		ldi r25,0
 198               		.loc 1 45 11
 199 00f2 880F      		lsl r24
 200 00f4 991F      		rol r25
 201 00f6 8050      		subi r24,lo8(-(Pitches1))
 202 00f8 9040      		sbci r25,hi8(-(Pitches1))
 203 00fa FC01      		movw r30,r24
 204 00fc 8081      		ld r24,Z
 205 00fe 9181      		ldd r25,Z+1
 206 0100 9887      		std Y+8,r25
 207 0102 8F83      		std Y+7,r24
 208               	.L4:
  46:belleville.c  **** 		}
  47:belleville.c  **** 		
  48:belleville.c  **** 		if (!(PINB & 2))
 209               		.loc 1 48 9
 210 0104 86E3      		ldi r24,lo8(54)
 211 0106 90E0      		ldi r25,0
 212 0108 FC01      		movw r30,r24
 213 010a 8081      		ld r24,Z
 214               		.loc 1 48 14
 215 010c 882F      		mov r24,r24
 216 010e 90E0      		ldi r25,0
 217 0110 8270      		andi r24,2
 218 0112 9927      		clr r25
 219               		.loc 1 48 6
 220 0114 892B      		or r24,r25
 221 0116 01F4      		brne .L5
  49:belleville.c  **** 		{
  50:belleville.c  **** 			Note2 = Random() & 3;
 222               		.loc 1 50 12
 223 0118 00D0      		rcall Random
 224 011a 698B      		std Y+17,r22
 225 011c 7A8B      		std Y+18,r23
 226 011e 8B8B      		std Y+19,r24
 227 0120 9C8B      		std Y+20,r25
 228               		.loc 1 50 21
 229 0122 8989      		ldd r24,Y+17
 230               		.loc 1 50 10
 231 0124 8370      		andi r24,lo8(3)
 232 0126 8C87      		std Y+12,r24
  51:belleville.c  **** 			Pitch2 = Pitches2[Note2];
 233               		.loc 1 51 21
 234 0128 8C85      		ldd r24,Y+12
GAS LISTING /var/folders/sh/lj4855x88xqgpw006s7bny180000gn/T//ccGEji4C.s 			page 6


 235 012a 882F      		mov r24,r24
 236 012c 90E0      		ldi r25,0
 237               		.loc 1 51 11
 238 012e 880F      		lsl r24
 239 0130 991F      		rol r25
 240 0132 8050      		subi r24,lo8(-(Pitches2))
 241 0134 9040      		sbci r25,hi8(-(Pitches2))
 242 0136 FC01      		movw r30,r24
 243 0138 8081      		ld r24,Z
 244 013a 9181      		ldd r25,Z+1
 245 013c 9A87      		std Y+10,r25
 246 013e 8987      		std Y+9,r24
 247               	.L5:
  52:belleville.c  **** 		}
  53:belleville.c  **** 		
  54:belleville.c  **** 		if (!(PINB & 3))
 248               		.loc 1 54 9
 249 0140 86E3      		ldi r24,lo8(54)
 250 0142 90E0      		ldi r25,0
 251 0144 FC01      		movw r30,r24
 252 0146 8081      		ld r24,Z
 253               		.loc 1 54 14
 254 0148 882F      		mov r24,r24
 255 014a 90E0      		ldi r25,0
 256 014c 8370      		andi r24,3
 257 014e 9927      		clr r25
 258               		.loc 1 54 6
 259 0150 892B      		or r24,r25
 260 0152 01F4      		brne .L6
  55:belleville.c  **** 		{
  56:belleville.c  **** 			Pitch2 = Random() & 15;
 261               		.loc 1 56 13
 262 0154 00D0      		rcall Random
 263 0156 6D8B      		std Y+21,r22
 264 0158 7E8B      		std Y+22,r23
 265 015a 8F8B      		std Y+23,r24
 266 015c 988F      		std Y+24,r25
 267               		.loc 1 56 22
 268 015e 8D89      		ldd r24,Y+21
 269 0160 9E89      		ldd r25,Y+22
 270               		.loc 1 56 11
 271 0162 8F70      		andi r24,15
 272 0164 9927      		clr r25
 273 0166 9A87      		std Y+10,r25
 274 0168 8987      		std Y+9,r24
 275               	.L6:
  57:belleville.c  **** 		}
  58:belleville.c  **** 		
  59:belleville.c  **** 		if (Output)
 276               		.loc 1 59 6
 277 016a 8D81      		ldd r24,Y+5
 278 016c 9E81      		ldd r25,Y+6
 279 016e 892B      		or r24,r25
 280 0170 01F0      		breq .L7
  60:belleville.c  **** 			PORTB |= (1 << 3) | (1 << 4);
 281               		.loc 1 60 10
 282 0172 88E3      		ldi r24,lo8(56)
GAS LISTING /var/folders/sh/lj4855x88xqgpw006s7bny180000gn/T//ccGEji4C.s 			page 7


 283 0174 90E0      		ldi r25,0
 284 0176 FC01      		movw r30,r24
 285 0178 2081      		ld r18,Z
 286 017a 88E3      		ldi r24,lo8(56)
 287 017c 90E0      		ldi r25,0
 288 017e 2861      		ori r18,lo8(24)
 289 0180 FC01      		movw r30,r24
 290 0182 2083      		st Z,r18
 291 0184 00C0      		rjmp .L9
 292               	.L7:
  61:belleville.c  **** 		else
  62:belleville.c  **** 			PORTB &= ~((1 << 3) | (1 << 4));
 293               		.loc 1 62 10
 294 0186 88E3      		ldi r24,lo8(56)
 295 0188 90E0      		ldi r25,0
 296 018a FC01      		movw r30,r24
 297 018c 2081      		ld r18,Z
 298 018e 88E3      		ldi r24,lo8(56)
 299 0190 90E0      		ldi r25,0
 300 0192 277E      		andi r18,lo8(-25)
 301 0194 FC01      		movw r30,r24
 302 0196 2083      		st Z,r18
  28:belleville.c  **** 		if (Sample1 >= Pitch1)
 303               		.loc 1 28 10
 304 0198 00C0      		rjmp .L9
 305               		.cfi_endproc
 306               	.LFE0:
 307               		.size	main, .-main
 308               	.global	delayuss
 309               		.type	delayuss, @function
 310               	delayuss:
 311               	.LFB2:
  63:belleville.c  **** 	}
  64:belleville.c  **** 	return 1;
  65:belleville.c  **** }
  66:belleville.c  **** 
  67:belleville.c  **** inline void delayus()
  68:belleville.c  **** {
  69:belleville.c  **** 	asm volatile("nop\nnop\nnop\nnop\nnop\nnop\nnop\nnop");
  70:belleville.c  **** }
  71:belleville.c  **** 
  72:belleville.c  **** void delayuss(unsigned int micros)
  73:belleville.c  **** {
 312               		.loc 1 73 1
 313               		.cfi_startproc
 314 019a CF93      		push r28
 315               		.cfi_def_cfa_offset 3
 316               		.cfi_offset 28, -2
 317 019c DF93      		push r29
 318               		.cfi_def_cfa_offset 4
 319               		.cfi_offset 29, -3
 320 019e 00D0      		rcall .
 321               		.cfi_def_cfa_offset 6
 322 01a0 CDB7      		in r28,__SP_L__
 323 01a2 DEB7      		in r29,__SP_H__
 324               		.cfi_def_cfa_register 28
 325               	/* prologue: function */
GAS LISTING /var/folders/sh/lj4855x88xqgpw006s7bny180000gn/T//ccGEji4C.s 			page 8


 326               	/* frame size = 2 */
 327               	/* stack size = 4 */
 328               	.L__stack_usage = 4
 329 01a4 9A83      		std Y+2,r25
 330 01a6 8983      		std Y+1,r24
  74:belleville.c  **** 	while (micros)
 331               		.loc 1 74 8
 332 01a8 00C0      		rjmp .L11
 333               	.L12:
  75:belleville.c  **** 	{
  76:belleville.c  **** 		delayus();
 334               		.loc 1 76 3
 335 01aa 00D0      		rcall delayus
  77:belleville.c  **** 		micros--;
 336               		.loc 1 77 9
 337 01ac 8981      		ldd r24,Y+1
 338 01ae 9A81      		ldd r25,Y+2
 339 01b0 0197      		sbiw r24,1
 340 01b2 9A83      		std Y+2,r25
 341 01b4 8983      		std Y+1,r24
 342               	.L11:
  74:belleville.c  **** 	while (micros)
 343               		.loc 1 74 8
 344 01b6 8981      		ldd r24,Y+1
 345 01b8 9A81      		ldd r25,Y+2
 346 01ba 892B      		or r24,r25
 347 01bc 01F4      		brne .L12
  78:belleville.c  **** 	}
  79:belleville.c  **** }
 348               		.loc 1 79 1
 349 01be 0000      		nop
 350 01c0 0000      		nop
 351               	/* epilogue start */
 352 01c2 0F90      		pop __tmp_reg__
 353 01c4 0F90      		pop __tmp_reg__
 354 01c6 DF91      		pop r29
 355 01c8 CF91      		pop r28
 356 01ca 0895      		ret
 357               		.cfi_endproc
 358               	.LFE2:
 359               		.size	delayuss, .-delayuss
 360               	.global	delayms
 361               		.type	delayms, @function
 362               	delayms:
 363               	.LFB3:
  80:belleville.c  **** 
  81:belleville.c  **** void delayms(uint16_t millis)
  82:belleville.c  **** {
 364               		.loc 1 82 1
 365               		.cfi_startproc
 366 01cc CF93      		push r28
 367               		.cfi_def_cfa_offset 3
 368               		.cfi_offset 28, -2
 369 01ce DF93      		push r29
 370               		.cfi_def_cfa_offset 4
 371               		.cfi_offset 29, -3
 372 01d0 00D0      		rcall .
GAS LISTING /var/folders/sh/lj4855x88xqgpw006s7bny180000gn/T//ccGEji4C.s 			page 9


 373 01d2 00D0      		rcall .
 374               		.cfi_def_cfa_offset 8
 375 01d4 CDB7      		in r28,__SP_L__
 376 01d6 DEB7      		in r29,__SP_H__
 377               		.cfi_def_cfa_register 28
 378               	/* prologue: function */
 379               	/* frame size = 4 */
 380               	/* stack size = 6 */
 381               	.L__stack_usage = 6
 382 01d8 9C83      		std Y+4,r25
 383 01da 8B83      		std Y+3,r24
  83:belleville.c  **** 	uint16_t loop;
  84:belleville.c  **** 	while ( millis )
 384               		.loc 1 84 8
 385 01dc 00C0      		rjmp .L14
 386               	.L17:
  85:belleville.c  **** 	{
  86:belleville.c  **** 		loop = 100;
 387               		.loc 1 86 8
 388 01de 84E6      		ldi r24,lo8(100)
 389 01e0 90E0      		ldi r25,0
 390 01e2 9A83      		std Y+2,r25
 391 01e4 8983      		std Y+1,r24
  87:belleville.c  **** 		while (loop)
 392               		.loc 1 87 9
 393 01e6 00C0      		rjmp .L15
 394               	.L16:
  88:belleville.c  **** 		{
  89:belleville.c  **** 			/* 20us of delays */
  90:belleville.c  **** 			delayus(); delayus(); delayus(); delayus(); delayus();
 395               		.loc 1 90 4
 396 01e8 00D0      		rcall delayus
 397               		.loc 1 90 15
 398 01ea 00D0      		rcall delayus
 399               		.loc 1 90 26
 400 01ec 00D0      		rcall delayus
 401               		.loc 1 90 37
 402 01ee 00D0      		rcall delayus
 403               		.loc 1 90 48
 404 01f0 00D0      		rcall delayus
  91:belleville.c  **** 			delayus(); delayus(); delayus(); delayus(); delayus();
 405               		.loc 1 91 4
 406 01f2 00D0      		rcall delayus
 407               		.loc 1 91 15
 408 01f4 00D0      		rcall delayus
 409               		.loc 1 91 26
 410 01f6 00D0      		rcall delayus
 411               		.loc 1 91 37
 412 01f8 00D0      		rcall delayus
 413               		.loc 1 91 48
 414 01fa 00D0      		rcall delayus
  92:belleville.c  **** 			loop --;
 415               		.loc 1 92 9
 416 01fc 8981      		ldd r24,Y+1
 417 01fe 9A81      		ldd r25,Y+2
 418 0200 0197      		sbiw r24,1
 419 0202 9A83      		std Y+2,r25
GAS LISTING /var/folders/sh/lj4855x88xqgpw006s7bny180000gn/T//ccGEji4C.s 			page 10


 420 0204 8983      		std Y+1,r24
 421               	.L15:
  87:belleville.c  **** 		{
 422               		.loc 1 87 9
 423 0206 8981      		ldd r24,Y+1
 424 0208 9A81      		ldd r25,Y+2
 425 020a 892B      		or r24,r25
 426 020c 01F4      		brne .L16
  93:belleville.c  **** 		}
  94:belleville.c  **** 		millis--;
 427               		.loc 1 94 9
 428 020e 8B81      		ldd r24,Y+3
 429 0210 9C81      		ldd r25,Y+4
 430 0212 0197      		sbiw r24,1
 431 0214 9C83      		std Y+4,r25
 432 0216 8B83      		std Y+3,r24
 433               	.L14:
  84:belleville.c  **** 	{
 434               		.loc 1 84 8
 435 0218 8B81      		ldd r24,Y+3
 436 021a 9C81      		ldd r25,Y+4
 437 021c 892B      		or r24,r25
 438 021e 01F4      		brne .L17
  95:belleville.c  **** 	}
  96:belleville.c  **** }
 439               		.loc 1 96 1
 440 0220 0000      		nop
 441 0222 0000      		nop
 442               	/* epilogue start */
 443 0224 0F90      		pop __tmp_reg__
 444 0226 0F90      		pop __tmp_reg__
 445 0228 0F90      		pop __tmp_reg__
 446 022a 0F90      		pop __tmp_reg__
 447 022c DF91      		pop r29
 448 022e CF91      		pop r28
 449 0230 0895      		ret
 450               		.cfi_endproc
 451               	.LFE3:
 452               		.size	delayms, .-delayms
 453               	.global	NextRandom
 454               		.data
 455               		.type	NextRandom, @object
 456               		.size	NextRandom, 4
 457               	NextRandom:
 458 0012 01        		.byte	1
 459 0013 00        		.byte	0
 460 0014 00        		.byte	0
 461 0015 00        		.byte	0
 462               		.text
 463               	.Letext0:
 464               		.file 2 "/usr/local/Cellar/avr-gcc@9/9.4.0_1/avr/include/stdint.h"
 465               		.section	.debug_info,"",@progbits
 466               	.Ldebug_info0:
 467 0000 A301 0000 		.long	0x1a3
 468 0004 0400      		.word	0x4
 469 0006 0000 0000 		.long	.Ldebug_abbrev0
 470 000a 04        		.byte	0x4
GAS LISTING /var/folders/sh/lj4855x88xqgpw006s7bny180000gn/T//ccGEji4C.s 			page 11


 471 000b 01        		.uleb128 0x1
 472 000c 0000 0000 		.long	.LASF24
 473 0010 0C        		.byte	0xc
 474 0011 0000 0000 		.long	.LASF25
 475 0015 0000 0000 		.long	.LASF26
 476 0019 0000 0000 		.long	.Ltext0
 477 001d 3202 0000 		.long	.Letext0-.Ltext0
 478 0021 0000 0000 		.long	.Ldebug_line0
 479 0025 02        		.uleb128 0x2
 480 0026 01        		.byte	0x1
 481 0027 06        		.byte	0x6
 482 0028 0000 0000 		.long	.LASF0
 483 002c 03        		.uleb128 0x3
 484 002d 0000 0000 		.long	.LASF2
 485 0031 02        		.byte	0x2
 486 0032 7E        		.byte	0x7e
 487 0033 16        		.byte	0x16
 488 0034 3800 0000 		.long	0x38
 489 0038 02        		.uleb128 0x2
 490 0039 01        		.byte	0x1
 491 003a 08        		.byte	0x8
 492 003b 0000 0000 		.long	.LASF1
 493 003f 04        		.uleb128 0x4
 494 0040 02        		.byte	0x2
 495 0041 05        		.byte	0x5
 496 0042 696E 7400 		.string	"int"
 497 0046 03        		.uleb128 0x3
 498 0047 0000 0000 		.long	.LASF3
 499 004b 02        		.byte	0x2
 500 004c 80        		.byte	0x80
 501 004d 16        		.byte	0x16
 502 004e 5200 0000 		.long	0x52
 503 0052 02        		.uleb128 0x2
 504 0053 02        		.byte	0x2
 505 0054 07        		.byte	0x7
 506 0055 0000 0000 		.long	.LASF4
 507 0059 02        		.uleb128 0x2
 508 005a 04        		.byte	0x4
 509 005b 05        		.byte	0x5
 510 005c 0000 0000 		.long	.LASF5
 511 0060 02        		.uleb128 0x2
 512 0061 04        		.byte	0x4
 513 0062 07        		.byte	0x7
 514 0063 0000 0000 		.long	.LASF6
 515 0067 02        		.uleb128 0x2
 516 0068 08        		.byte	0x8
 517 0069 05        		.byte	0x5
 518 006a 0000 0000 		.long	.LASF7
 519 006e 02        		.uleb128 0x2
 520 006f 08        		.byte	0x8
 521 0070 07        		.byte	0x7
 522 0071 0000 0000 		.long	.LASF8
 523 0075 05        		.uleb128 0x5
 524 0076 5200 0000 		.long	0x52
 525 007a 8500 0000 		.long	0x85
 526 007e 06        		.uleb128 0x6
 527 007f 5200 0000 		.long	0x52
GAS LISTING /var/folders/sh/lj4855x88xqgpw006s7bny180000gn/T//ccGEji4C.s 			page 12


 528 0083 03        		.byte	0x3
 529 0084 00        		.byte	0
 530 0085 07        		.uleb128 0x7
 531 0086 0000 0000 		.long	.LASF9
 532 008a 01        		.byte	0x1
 533 008b 0A        		.byte	0xa
 534 008c 0E        		.byte	0xe
 535 008d 7500 0000 		.long	0x75
 536 0091 05        		.uleb128 0x5
 537 0092 03        		.byte	0x3
 538 0093 0000 0000 		.long	Pitches1
 539 0097 05        		.uleb128 0x5
 540 0098 5200 0000 		.long	0x52
 541 009c A700 0000 		.long	0xa7
 542 00a0 06        		.uleb128 0x6
 543 00a1 5200 0000 		.long	0x52
 544 00a5 04        		.byte	0x4
 545 00a6 00        		.byte	0
 546 00a7 07        		.uleb128 0x7
 547 00a8 0000 0000 		.long	.LASF10
 548 00ac 01        		.byte	0x1
 549 00ad 0B        		.byte	0xb
 550 00ae 0E        		.byte	0xe
 551 00af 9700 0000 		.long	0x97
 552 00b3 05        		.uleb128 0x5
 553 00b4 03        		.byte	0x3
 554 00b5 0000 0000 		.long	Pitches2
 555 00b9 07        		.uleb128 0x7
 556 00ba 0000 0000 		.long	.LASF11
 557 00be 01        		.byte	0x1
 558 00bf 62        		.byte	0x62
 559 00c0 0F        		.byte	0xf
 560 00c1 6000 0000 		.long	0x60
 561 00c5 05        		.uleb128 0x5
 562 00c6 03        		.byte	0x3
 563 00c7 0000 0000 		.long	NextRandom
 564 00cb 08        		.uleb128 0x8
 565 00cc 0000 0000 		.long	.LASF12
 566 00d0 01        		.byte	0x1
 567 00d1 51        		.byte	0x51
 568 00d2 06        		.byte	0x6
 569 00d3 0000 0000 		.long	.LFB3
 570 00d7 6600 0000 		.long	.LFE3-.LFB3
 571 00db 01        		.uleb128 0x1
 572 00dc 9C        		.byte	0x9c
 573 00dd 0001 0000 		.long	0x100
 574 00e1 09        		.uleb128 0x9
 575 00e2 0000 0000 		.long	.LASF14
 576 00e6 01        		.byte	0x1
 577 00e7 51        		.byte	0x51
 578 00e8 17        		.byte	0x17
 579 00e9 4600 0000 		.long	0x46
 580 00ed 02        		.uleb128 0x2
 581 00ee 8C        		.byte	0x8c
 582 00ef 03        		.sleb128 3
 583 00f0 0A        		.uleb128 0xa
 584 00f1 0000 0000 		.long	.LASF16
GAS LISTING /var/folders/sh/lj4855x88xqgpw006s7bny180000gn/T//ccGEji4C.s 			page 13


 585 00f5 01        		.byte	0x1
 586 00f6 53        		.byte	0x53
 587 00f7 0B        		.byte	0xb
 588 00f8 4600 0000 		.long	0x46
 589 00fc 02        		.uleb128 0x2
 590 00fd 8C        		.byte	0x8c
 591 00fe 01        		.sleb128 1
 592 00ff 00        		.byte	0
 593 0100 08        		.uleb128 0x8
 594 0101 0000 0000 		.long	.LASF13
 595 0105 01        		.byte	0x1
 596 0106 48        		.byte	0x48
 597 0107 06        		.byte	0x6
 598 0108 0000 0000 		.long	.LFB2
 599 010c 3200 0000 		.long	.LFE2-.LFB2
 600 0110 01        		.uleb128 0x1
 601 0111 9C        		.byte	0x9c
 602 0112 2601 0000 		.long	0x126
 603 0116 09        		.uleb128 0x9
 604 0117 0000 0000 		.long	.LASF15
 605 011b 01        		.byte	0x1
 606 011c 48        		.byte	0x48
 607 011d 1C        		.byte	0x1c
 608 011e 5200 0000 		.long	0x52
 609 0122 02        		.uleb128 0x2
 610 0123 8C        		.byte	0x8c
 611 0124 01        		.sleb128 1
 612 0125 00        		.byte	0
 613 0126 0B        		.uleb128 0xb
 614 0127 0000 0000 		.long	.LASF27
 615 012b 01        		.byte	0x1
 616 012c 0D        		.byte	0xd
 617 012d 05        		.byte	0x5
 618 012e 3F00 0000 		.long	0x3f
 619 0132 0000 0000 		.long	.LFB0
 620 0136 9A01 0000 		.long	.LFE0-.LFB0
 621 013a 01        		.uleb128 0x1
 622 013b 9C        		.byte	0x9c
 623 013c 0A        		.uleb128 0xa
 624 013d 0000 0000 		.long	.LASF17
 625 0141 01        		.byte	0x1
 626 0142 0F        		.byte	0xf
 627 0143 0F        		.byte	0xf
 628 0144 5200 0000 		.long	0x52
 629 0148 02        		.uleb128 0x2
 630 0149 8C        		.byte	0x8c
 631 014a 01        		.sleb128 1
 632 014b 0A        		.uleb128 0xa
 633 014c 0000 0000 		.long	.LASF18
 634 0150 01        		.byte	0x1
 635 0151 0F        		.byte	0xf
 636 0152 1C        		.byte	0x1c
 637 0153 5200 0000 		.long	0x52
 638 0157 02        		.uleb128 0x2
 639 0158 8C        		.byte	0x8c
 640 0159 03        		.sleb128 3
 641 015a 0A        		.uleb128 0xa
GAS LISTING /var/folders/sh/lj4855x88xqgpw006s7bny180000gn/T//ccGEji4C.s 			page 14


 642 015b 0000 0000 		.long	.LASF19
 643 015f 01        		.byte	0x1
 644 0160 10        		.byte	0x10
 645 0161 0F        		.byte	0xf
 646 0162 5200 0000 		.long	0x52
 647 0166 02        		.uleb128 0x2
 648 0167 8C        		.byte	0x8c
 649 0168 05        		.sleb128 5
 650 0169 0A        		.uleb128 0xa
 651 016a 0000 0000 		.long	.LASF20
 652 016e 01        		.byte	0x1
 653 016f 11        		.byte	0x11
 654 0170 0F        		.byte	0xf
 655 0171 5200 0000 		.long	0x52
 656 0175 02        		.uleb128 0x2
 657 0176 8C        		.byte	0x8c
 658 0177 07        		.sleb128 7
 659 0178 0A        		.uleb128 0xa
 660 0179 0000 0000 		.long	.LASF21
 661 017d 01        		.byte	0x1
 662 017e 11        		.byte	0x11
 663 017f 17        		.byte	0x17
 664 0180 5200 0000 		.long	0x52
 665 0184 02        		.uleb128 0x2
 666 0185 8C        		.byte	0x8c
 667 0186 09        		.sleb128 9
 668 0187 0A        		.uleb128 0xa
 669 0188 0000 0000 		.long	.LASF22
 670 018c 01        		.byte	0x1
 671 018d 12        		.byte	0x12
 672 018e 10        		.byte	0x10
 673 018f 3800 0000 		.long	0x38
 674 0193 02        		.uleb128 0x2
 675 0194 8C        		.byte	0x8c
 676 0195 0B        		.sleb128 11
 677 0196 0A        		.uleb128 0xa
 678 0197 0000 0000 		.long	.LASF23
 679 019b 01        		.byte	0x1
 680 019c 12        		.byte	0x12
 681 019d 1B        		.byte	0x1b
 682 019e 3800 0000 		.long	0x38
 683 01a2 02        		.uleb128 0x2
 684 01a3 8C        		.byte	0x8c
 685 01a4 0C        		.sleb128 12
 686 01a5 00        		.byte	0
 687 01a6 00        		.byte	0
 688               		.section	.debug_abbrev,"",@progbits
 689               	.Ldebug_abbrev0:
 690 0000 01        		.uleb128 0x1
 691 0001 11        		.uleb128 0x11
 692 0002 01        		.byte	0x1
 693 0003 25        		.uleb128 0x25
 694 0004 0E        		.uleb128 0xe
 695 0005 13        		.uleb128 0x13
 696 0006 0B        		.uleb128 0xb
 697 0007 03        		.uleb128 0x3
 698 0008 0E        		.uleb128 0xe
GAS LISTING /var/folders/sh/lj4855x88xqgpw006s7bny180000gn/T//ccGEji4C.s 			page 15


 699 0009 1B        		.uleb128 0x1b
 700 000a 0E        		.uleb128 0xe
 701 000b 11        		.uleb128 0x11
 702 000c 01        		.uleb128 0x1
 703 000d 12        		.uleb128 0x12
 704 000e 06        		.uleb128 0x6
 705 000f 10        		.uleb128 0x10
 706 0010 17        		.uleb128 0x17
 707 0011 00        		.byte	0
 708 0012 00        		.byte	0
 709 0013 02        		.uleb128 0x2
 710 0014 24        		.uleb128 0x24
 711 0015 00        		.byte	0
 712 0016 0B        		.uleb128 0xb
 713 0017 0B        		.uleb128 0xb
 714 0018 3E        		.uleb128 0x3e
 715 0019 0B        		.uleb128 0xb
 716 001a 03        		.uleb128 0x3
 717 001b 0E        		.uleb128 0xe
 718 001c 00        		.byte	0
 719 001d 00        		.byte	0
 720 001e 03        		.uleb128 0x3
 721 001f 16        		.uleb128 0x16
 722 0020 00        		.byte	0
 723 0021 03        		.uleb128 0x3
 724 0022 0E        		.uleb128 0xe
 725 0023 3A        		.uleb128 0x3a
 726 0024 0B        		.uleb128 0xb
 727 0025 3B        		.uleb128 0x3b
 728 0026 0B        		.uleb128 0xb
 729 0027 39        		.uleb128 0x39
 730 0028 0B        		.uleb128 0xb
 731 0029 49        		.uleb128 0x49
 732 002a 13        		.uleb128 0x13
 733 002b 00        		.byte	0
 734 002c 00        		.byte	0
 735 002d 04        		.uleb128 0x4
 736 002e 24        		.uleb128 0x24
 737 002f 00        		.byte	0
 738 0030 0B        		.uleb128 0xb
 739 0031 0B        		.uleb128 0xb
 740 0032 3E        		.uleb128 0x3e
 741 0033 0B        		.uleb128 0xb
 742 0034 03        		.uleb128 0x3
 743 0035 08        		.uleb128 0x8
 744 0036 00        		.byte	0
 745 0037 00        		.byte	0
 746 0038 05        		.uleb128 0x5
 747 0039 01        		.uleb128 0x1
 748 003a 01        		.byte	0x1
 749 003b 49        		.uleb128 0x49
 750 003c 13        		.uleb128 0x13
 751 003d 01        		.uleb128 0x1
 752 003e 13        		.uleb128 0x13
 753 003f 00        		.byte	0
 754 0040 00        		.byte	0
 755 0041 06        		.uleb128 0x6
GAS LISTING /var/folders/sh/lj4855x88xqgpw006s7bny180000gn/T//ccGEji4C.s 			page 16


 756 0042 21        		.uleb128 0x21
 757 0043 00        		.byte	0
 758 0044 49        		.uleb128 0x49
 759 0045 13        		.uleb128 0x13
 760 0046 2F        		.uleb128 0x2f
 761 0047 0B        		.uleb128 0xb
 762 0048 00        		.byte	0
 763 0049 00        		.byte	0
 764 004a 07        		.uleb128 0x7
 765 004b 34        		.uleb128 0x34
 766 004c 00        		.byte	0
 767 004d 03        		.uleb128 0x3
 768 004e 0E        		.uleb128 0xe
 769 004f 3A        		.uleb128 0x3a
 770 0050 0B        		.uleb128 0xb
 771 0051 3B        		.uleb128 0x3b
 772 0052 0B        		.uleb128 0xb
 773 0053 39        		.uleb128 0x39
 774 0054 0B        		.uleb128 0xb
 775 0055 49        		.uleb128 0x49
 776 0056 13        		.uleb128 0x13
 777 0057 3F        		.uleb128 0x3f
 778 0058 19        		.uleb128 0x19
 779 0059 02        		.uleb128 0x2
 780 005a 18        		.uleb128 0x18
 781 005b 00        		.byte	0
 782 005c 00        		.byte	0
 783 005d 08        		.uleb128 0x8
 784 005e 2E        		.uleb128 0x2e
 785 005f 01        		.byte	0x1
 786 0060 3F        		.uleb128 0x3f
 787 0061 19        		.uleb128 0x19
 788 0062 03        		.uleb128 0x3
 789 0063 0E        		.uleb128 0xe
 790 0064 3A        		.uleb128 0x3a
 791 0065 0B        		.uleb128 0xb
 792 0066 3B        		.uleb128 0x3b
 793 0067 0B        		.uleb128 0xb
 794 0068 39        		.uleb128 0x39
 795 0069 0B        		.uleb128 0xb
 796 006a 27        		.uleb128 0x27
 797 006b 19        		.uleb128 0x19
 798 006c 11        		.uleb128 0x11
 799 006d 01        		.uleb128 0x1
 800 006e 12        		.uleb128 0x12
 801 006f 06        		.uleb128 0x6
 802 0070 40        		.uleb128 0x40
 803 0071 18        		.uleb128 0x18
 804 0072 9642      		.uleb128 0x2116
 805 0074 19        		.uleb128 0x19
 806 0075 01        		.uleb128 0x1
 807 0076 13        		.uleb128 0x13
 808 0077 00        		.byte	0
 809 0078 00        		.byte	0
 810 0079 09        		.uleb128 0x9
 811 007a 05        		.uleb128 0x5
 812 007b 00        		.byte	0
GAS LISTING /var/folders/sh/lj4855x88xqgpw006s7bny180000gn/T//ccGEji4C.s 			page 17


 813 007c 03        		.uleb128 0x3
 814 007d 0E        		.uleb128 0xe
 815 007e 3A        		.uleb128 0x3a
 816 007f 0B        		.uleb128 0xb
 817 0080 3B        		.uleb128 0x3b
 818 0081 0B        		.uleb128 0xb
 819 0082 39        		.uleb128 0x39
 820 0083 0B        		.uleb128 0xb
 821 0084 49        		.uleb128 0x49
 822 0085 13        		.uleb128 0x13
 823 0086 02        		.uleb128 0x2
 824 0087 18        		.uleb128 0x18
 825 0088 00        		.byte	0
 826 0089 00        		.byte	0
 827 008a 0A        		.uleb128 0xa
 828 008b 34        		.uleb128 0x34
 829 008c 00        		.byte	0
 830 008d 03        		.uleb128 0x3
 831 008e 0E        		.uleb128 0xe
 832 008f 3A        		.uleb128 0x3a
 833 0090 0B        		.uleb128 0xb
 834 0091 3B        		.uleb128 0x3b
 835 0092 0B        		.uleb128 0xb
 836 0093 39        		.uleb128 0x39
 837 0094 0B        		.uleb128 0xb
 838 0095 49        		.uleb128 0x49
 839 0096 13        		.uleb128 0x13
 840 0097 02        		.uleb128 0x2
 841 0098 18        		.uleb128 0x18
 842 0099 00        		.byte	0
 843 009a 00        		.byte	0
 844 009b 0B        		.uleb128 0xb
 845 009c 2E        		.uleb128 0x2e
 846 009d 01        		.byte	0x1
 847 009e 3F        		.uleb128 0x3f
 848 009f 19        		.uleb128 0x19
 849 00a0 03        		.uleb128 0x3
 850 00a1 0E        		.uleb128 0xe
 851 00a2 3A        		.uleb128 0x3a
 852 00a3 0B        		.uleb128 0xb
 853 00a4 3B        		.uleb128 0x3b
 854 00a5 0B        		.uleb128 0xb
 855 00a6 39        		.uleb128 0x39
 856 00a7 0B        		.uleb128 0xb
 857 00a8 49        		.uleb128 0x49
 858 00a9 13        		.uleb128 0x13
 859 00aa 11        		.uleb128 0x11
 860 00ab 01        		.uleb128 0x1
 861 00ac 12        		.uleb128 0x12
 862 00ad 06        		.uleb128 0x6
 863 00ae 40        		.uleb128 0x40
 864 00af 18        		.uleb128 0x18
 865 00b0 9642      		.uleb128 0x2116
 866 00b2 19        		.uleb128 0x19
 867 00b3 00        		.byte	0
 868 00b4 00        		.byte	0
 869 00b5 00        		.byte	0
GAS LISTING /var/folders/sh/lj4855x88xqgpw006s7bny180000gn/T//ccGEji4C.s 			page 18


 870               		.section	.debug_aranges,"",@progbits
 871 0000 1C00 0000 		.long	0x1c
 872 0004 0200      		.word	0x2
 873 0006 0000 0000 		.long	.Ldebug_info0
 874 000a 04        		.byte	0x4
 875 000b 00        		.byte	0
 876 000c 0000      		.word	0
 877 000e 0000      		.word	0
 878 0010 0000 0000 		.long	.Ltext0
 879 0014 3202 0000 		.long	.Letext0-.Ltext0
 880 0018 0000 0000 		.long	0
 881 001c 0000 0000 		.long	0
 882               		.section	.debug_line,"",@progbits
 883               	.Ldebug_line0:
 884 0000 AB02 0000 		.section	.debug_str,"MS",@progbits,1
 884      0300 5F00 
 884      0000 0201 
 884      FB0E 0D00 
 884      0101 0101 
 885               	.LASF25:
 886 0000 6265 6C6C 		.string	"belleville.c"
 886      6576 696C 
 886      6C65 2E63 
 886      00
 887               	.LASF13:
 888 000d 6465 6C61 		.string	"delayuss"
 888      7975 7373 
 888      00
 889               	.LASF12:
 890 0016 6465 6C61 		.string	"delayms"
 890      796D 7300 
 891               	.LASF15:
 892 001e 6D69 6372 		.string	"micros"
 892      6F73 00
 893               	.LASF16:
 894 0025 6C6F 6F70 		.string	"loop"
 894      00
 895               	.LASF20:
 896 002a 5069 7463 		.string	"Pitch1"
 896      6831 00
 897               	.LASF21:
 898 0031 5069 7463 		.string	"Pitch2"
 898      6832 00
 899               	.LASF1:
 900 0038 756E 7369 		.string	"unsigned char"
 900      676E 6564 
 900      2063 6861 
 900      7200 
 901               	.LASF11:
 902 0046 4E65 7874 		.string	"NextRandom"
 902      5261 6E64 
 902      6F6D 00
 903               	.LASF6:
 904 0051 6C6F 6E67 		.string	"long unsigned int"
 904      2075 6E73 
 904      6967 6E65 
 904      6420 696E 
GAS LISTING /var/folders/sh/lj4855x88xqgpw006s7bny180000gn/T//ccGEji4C.s 			page 19


 904      7400 
 905               	.LASF22:
 906 0063 4E6F 7465 		.string	"Note1"
 906      3100 
 907               	.LASF23:
 908 0069 4E6F 7465 		.string	"Note2"
 908      3200 
 909               	.LASF27:
 910 006f 6D61 696E 		.string	"main"
 910      00
 911               	.LASF24:
 912 0074 474E 5520 		.string	"GNU C17 9.4.0 -mn-flash=1 -mno-skip-bug -mmcu=avr25 -g -O0 -fpack-struct -fshort-enums -f
 912      4331 3720 
 912      392E 342E 
 912      3020 2D6D 
 912      6E2D 666C 
 913               	.LASF4:
 914 0138 756E 7369 		.string	"unsigned int"
 914      676E 6564 
 914      2069 6E74 
 914      00
 915               	.LASF9:
 916 0145 5069 7463 		.string	"Pitches1"
 916      6865 7331 
 916      00
 917               	.LASF8:
 918 014e 6C6F 6E67 		.string	"long long unsigned int"
 918      206C 6F6E 
 918      6720 756E 
 918      7369 676E 
 918      6564 2069 
 919               	.LASF2:
 920 0165 7569 6E74 		.string	"uint8_t"
 920      385F 7400 
 921               	.LASF17:
 922 016d 5361 6D70 		.string	"Sample1"
 922      6C65 3100 
 923               	.LASF18:
 924 0175 5361 6D70 		.string	"Sample2"
 924      6C65 3200 
 925               	.LASF26:
 926 017d 2F55 7365 		.string	"/Users/danielfishkin/gitprojects/CreativeMusicalCoding/class6/newSongs/belleville"
 926      7273 2F64 
 926      616E 6965 
 926      6C66 6973 
 926      686B 696E 
 927               	.LASF10:
 928 01cf 5069 7463 		.string	"Pitches2"
 928      6865 7332 
 928      00
 929               	.LASF7:
 930 01d8 6C6F 6E67 		.string	"long long int"
 930      206C 6F6E 
 930      6720 696E 
 930      7400 
 931               	.LASF19:
 932 01e6 4F75 7470 		.string	"Output"
GAS LISTING /var/folders/sh/lj4855x88xqgpw006s7bny180000gn/T//ccGEji4C.s 			page 20


 932      7574 00
 933               	.LASF3:
 934 01ed 7569 6E74 		.string	"uint16_t"
 934      3136 5F74 
 934      00
 935               	.LASF5:
 936 01f6 6C6F 6E67 		.string	"long int"
 936      2069 6E74 
 936      00
 937               	.LASF14:
 938 01ff 6D69 6C6C 		.string	"millis"
 938      6973 00
 939               	.LASF0:
 940 0206 7369 676E 		.string	"signed char"
 940      6564 2063 
 940      6861 7200 
 941               		.ident	"GCC: (Homebrew AVR GCC 9.4.0_1) 9.4.0"
 942               	.global __do_copy_data
GAS LISTING /var/folders/sh/lj4855x88xqgpw006s7bny180000gn/T//ccGEji4C.s 			page 21


DEFINED SYMBOLS
                            *ABS*:00000000 belleville.c
/var/folders/sh/lj4855x88xqgpw006s7bny180000gn/T//ccGEji4C.s:2      *ABS*:0000003e __SP_H__
/var/folders/sh/lj4855x88xqgpw006s7bny180000gn/T//ccGEji4C.s:3      *ABS*:0000003d __SP_L__
/var/folders/sh/lj4855x88xqgpw006s7bny180000gn/T//ccGEji4C.s:4      *ABS*:0000003f __SREG__
/var/folders/sh/lj4855x88xqgpw006s7bny180000gn/T//ccGEji4C.s:5      *ABS*:00000000 __tmp_reg__
/var/folders/sh/lj4855x88xqgpw006s7bny180000gn/T//ccGEji4C.s:6      *ABS*:00000001 __zero_reg__
/var/folders/sh/lj4855x88xqgpw006s7bny180000gn/T//ccGEji4C.s:14     .data:00000000 Pitches1
/var/folders/sh/lj4855x88xqgpw006s7bny180000gn/T//ccGEji4C.s:22     .data:00000008 Pitches2
/var/folders/sh/lj4855x88xqgpw006s7bny180000gn/T//ccGEji4C.s:31     .text:00000000 main
/var/folders/sh/lj4855x88xqgpw006s7bny180000gn/T//ccGEji4C.s:35     .text:00000000 L0
/var/folders/sh/lj4855x88xqgpw006s7bny180000gn/T//ccGEji4C.s:36     .text:00000000 .Loc.0
/var/folders/sh/lj4855x88xqgpw006s7bny180000gn/T//ccGEji4C.s:57     .text:00000014 .Loc.1
/var/folders/sh/lj4855x88xqgpw006s7bny180000gn/T//ccGEji4C.s:60     .text:00000018 .Loc.2
/var/folders/sh/lj4855x88xqgpw006s7bny180000gn/T//ccGEji4C.s:63     .text:0000001c .Loc.3
/var/folders/sh/lj4855x88xqgpw006s7bny180000gn/T//ccGEji4C.s:66     .text:00000020 .Loc.4
/var/folders/sh/lj4855x88xqgpw006s7bny180000gn/T//ccGEji4C.s:68     .text:00000022 .Loc.5
/var/folders/sh/lj4855x88xqgpw006s7bny180000gn/T//ccGEji4C.s:70     .text:00000024 .Loc.6
/var/folders/sh/lj4855x88xqgpw006s7bny180000gn/T//ccGEji4C.s:73     .text:00000028 .Loc.7
/var/folders/sh/lj4855x88xqgpw006s7bny180000gn/T//ccGEji4C.s:77     .text:0000002e .Loc.8
/var/folders/sh/lj4855x88xqgpw006s7bny180000gn/T//ccGEji4C.s:80     .text:00000032 .Loc.9
/var/folders/sh/lj4855x88xqgpw006s7bny180000gn/T//ccGEji4C.s:84     .text:00000038 .Loc.10
/var/folders/sh/lj4855x88xqgpw006s7bny180000gn/T//ccGEji4C.s:88     .text:0000003e .Loc.11
/var/folders/sh/lj4855x88xqgpw006s7bny180000gn/T//ccGEji4C.s:98     .text:00000050 .Loc.12
/var/folders/sh/lj4855x88xqgpw006s7bny180000gn/T//ccGEji4C.s:102    .text:00000056 .Loc.13
/var/folders/sh/lj4855x88xqgpw006s7bny180000gn/T//ccGEji4C.s:113    .text:00000068 .Loc.14
/var/folders/sh/lj4855x88xqgpw006s7bny180000gn/T//ccGEji4C.s:119    .text:00000072 .Loc.15
/var/folders/sh/lj4855x88xqgpw006s7bny180000gn/T//ccGEji4C.s:127    .text:00000080 .Loc.16
/var/folders/sh/lj4855x88xqgpw006s7bny180000gn/T//ccGEji4C.s:138    .text:00000094 .Loc.17
/var/folders/sh/lj4855x88xqgpw006s7bny180000gn/T//ccGEji4C.s:142    .text:00000098 .Loc.18
/var/folders/sh/lj4855x88xqgpw006s7bny180000gn/T//ccGEji4C.s:148    .text:000000a2 .Loc.19
/var/folders/sh/lj4855x88xqgpw006s7bny180000gn/T//ccGEji4C.s:156    .text:000000b0 .Loc.20
/var/folders/sh/lj4855x88xqgpw006s7bny180000gn/T//ccGEji4C.s:167    .text:000000c4 .Loc.21
/var/folders/sh/lj4855x88xqgpw006s7bny180000gn/T//ccGEji4C.s:171    .text:000000c8 .Loc.22
/var/folders/sh/lj4855x88xqgpw006s7bny180000gn/T//ccGEji4C.s:176    .text:000000d0 .Loc.23
/var/folders/sh/lj4855x88xqgpw006s7bny180000gn/T//ccGEji4C.s:181    .text:000000d8 .Loc.24
/var/folders/sh/lj4855x88xqgpw006s7bny180000gn/T//ccGEji4C.s:184    .text:000000dc .Loc.25
/var/folders/sh/lj4855x88xqgpw006s7bny180000gn/T//ccGEji4C.s:190    .text:000000e6 .Loc.26
/var/folders/sh/lj4855x88xqgpw006s7bny180000gn/T//ccGEji4C.s:192    .text:000000e8 .Loc.27
/var/folders/sh/lj4855x88xqgpw006s7bny180000gn/T//ccGEji4C.s:195    .text:000000ec .Loc.28
/var/folders/sh/lj4855x88xqgpw006s7bny180000gn/T//ccGEji4C.s:199    .text:000000f2 .Loc.29
/var/folders/sh/lj4855x88xqgpw006s7bny180000gn/T//ccGEji4C.s:210    .text:00000104 .Loc.30
/var/folders/sh/lj4855x88xqgpw006s7bny180000gn/T//ccGEji4C.s:215    .text:0000010c .Loc.31
/var/folders/sh/lj4855x88xqgpw006s7bny180000gn/T//ccGEji4C.s:220    .text:00000114 .Loc.32
/var/folders/sh/lj4855x88xqgpw006s7bny180000gn/T//ccGEji4C.s:223    .text:00000118 .Loc.33
/var/folders/sh/lj4855x88xqgpw006s7bny180000gn/T//ccGEji4C.s:229    .text:00000122 .Loc.34
/var/folders/sh/lj4855x88xqgpw006s7bny180000gn/T//ccGEji4C.s:231    .text:00000124 .Loc.35
/var/folders/sh/lj4855x88xqgpw006s7bny180000gn/T//ccGEji4C.s:234    .text:00000128 .Loc.36
/var/folders/sh/lj4855x88xqgpw006s7bny180000gn/T//ccGEji4C.s:238    .text:0000012e .Loc.37
/var/folders/sh/lj4855x88xqgpw006s7bny180000gn/T//ccGEji4C.s:249    .text:00000140 .Loc.38
/var/folders/sh/lj4855x88xqgpw006s7bny180000gn/T//ccGEji4C.s:254    .text:00000148 .Loc.39
/var/folders/sh/lj4855x88xqgpw006s7bny180000gn/T//ccGEji4C.s:259    .text:00000150 .Loc.40
/var/folders/sh/lj4855x88xqgpw006s7bny180000gn/T//ccGEji4C.s:262    .text:00000154 .Loc.41
/var/folders/sh/lj4855x88xqgpw006s7bny180000gn/T//ccGEji4C.s:268    .text:0000015e .Loc.42
/var/folders/sh/lj4855x88xqgpw006s7bny180000gn/T//ccGEji4C.s:271    .text:00000162 .Loc.43
/var/folders/sh/lj4855x88xqgpw006s7bny180000gn/T//ccGEji4C.s:277    .text:0000016a .Loc.44
/var/folders/sh/lj4855x88xqgpw006s7bny180000gn/T//ccGEji4C.s:282    .text:00000172 .Loc.45
GAS LISTING /var/folders/sh/lj4855x88xqgpw006s7bny180000gn/T//ccGEji4C.s 			page 22


/var/folders/sh/lj4855x88xqgpw006s7bny180000gn/T//ccGEji4C.s:294    .text:00000186 .Loc.46
/var/folders/sh/lj4855x88xqgpw006s7bny180000gn/T//ccGEji4C.s:304    .text:00000198 .Loc.47
/var/folders/sh/lj4855x88xqgpw006s7bny180000gn/T//ccGEji4C.s:305    .text:0000019a L0
/var/folders/sh/lj4855x88xqgpw006s7bny180000gn/T//ccGEji4C.s:310    .text:0000019a delayuss
/var/folders/sh/lj4855x88xqgpw006s7bny180000gn/T//ccGEji4C.s:313    .text:0000019a L0
/var/folders/sh/lj4855x88xqgpw006s7bny180000gn/T//ccGEji4C.s:314    .text:0000019a .Loc.48
/var/folders/sh/lj4855x88xqgpw006s7bny180000gn/T//ccGEji4C.s:320    .text:000001a0 L0
/var/folders/sh/lj4855x88xqgpw006s7bny180000gn/T//ccGEji4C.s:332    .text:000001a8 .Loc.49
/var/folders/sh/lj4855x88xqgpw006s7bny180000gn/T//ccGEji4C.s:335    .text:000001aa .Loc.50
/var/folders/sh/lj4855x88xqgpw006s7bny180000gn/T//ccGEji4C.s:337    .text:000001ac .Loc.51
/var/folders/sh/lj4855x88xqgpw006s7bny180000gn/T//ccGEji4C.s:344    .text:000001b6 .Loc.52
/var/folders/sh/lj4855x88xqgpw006s7bny180000gn/T//ccGEji4C.s:349    .text:000001be .Loc.53
/var/folders/sh/lj4855x88xqgpw006s7bny180000gn/T//ccGEji4C.s:357    .text:000001cc L0
/var/folders/sh/lj4855x88xqgpw006s7bny180000gn/T//ccGEji4C.s:362    .text:000001cc delayms
/var/folders/sh/lj4855x88xqgpw006s7bny180000gn/T//ccGEji4C.s:365    .text:000001cc L0
/var/folders/sh/lj4855x88xqgpw006s7bny180000gn/T//ccGEji4C.s:366    .text:000001cc .Loc.54
/var/folders/sh/lj4855x88xqgpw006s7bny180000gn/T//ccGEji4C.s:372    .text:000001d2 L0
/var/folders/sh/lj4855x88xqgpw006s7bny180000gn/T//ccGEji4C.s:373    .text:000001d4 L0
/var/folders/sh/lj4855x88xqgpw006s7bny180000gn/T//ccGEji4C.s:385    .text:000001dc .Loc.55
/var/folders/sh/lj4855x88xqgpw006s7bny180000gn/T//ccGEji4C.s:388    .text:000001de .Loc.56
/var/folders/sh/lj4855x88xqgpw006s7bny180000gn/T//ccGEji4C.s:393    .text:000001e6 .Loc.57
/var/folders/sh/lj4855x88xqgpw006s7bny180000gn/T//ccGEji4C.s:396    .text:000001e8 .Loc.58
/var/folders/sh/lj4855x88xqgpw006s7bny180000gn/T//ccGEji4C.s:398    .text:000001ea .Loc.59
/var/folders/sh/lj4855x88xqgpw006s7bny180000gn/T//ccGEji4C.s:400    .text:000001ec .Loc.60
/var/folders/sh/lj4855x88xqgpw006s7bny180000gn/T//ccGEji4C.s:402    .text:000001ee .Loc.61
/var/folders/sh/lj4855x88xqgpw006s7bny180000gn/T//ccGEji4C.s:404    .text:000001f0 .Loc.62
/var/folders/sh/lj4855x88xqgpw006s7bny180000gn/T//ccGEji4C.s:406    .text:000001f2 .Loc.63
/var/folders/sh/lj4855x88xqgpw006s7bny180000gn/T//ccGEji4C.s:408    .text:000001f4 .Loc.64
/var/folders/sh/lj4855x88xqgpw006s7bny180000gn/T//ccGEji4C.s:410    .text:000001f6 .Loc.65
/var/folders/sh/lj4855x88xqgpw006s7bny180000gn/T//ccGEji4C.s:412    .text:000001f8 .Loc.66
/var/folders/sh/lj4855x88xqgpw006s7bny180000gn/T//ccGEji4C.s:414    .text:000001fa .Loc.67
/var/folders/sh/lj4855x88xqgpw006s7bny180000gn/T//ccGEji4C.s:416    .text:000001fc .Loc.68
/var/folders/sh/lj4855x88xqgpw006s7bny180000gn/T//ccGEji4C.s:423    .text:00000206 .Loc.69
/var/folders/sh/lj4855x88xqgpw006s7bny180000gn/T//ccGEji4C.s:428    .text:0000020e .Loc.70
/var/folders/sh/lj4855x88xqgpw006s7bny180000gn/T//ccGEji4C.s:435    .text:00000218 .Loc.71
/var/folders/sh/lj4855x88xqgpw006s7bny180000gn/T//ccGEji4C.s:440    .text:00000220 .Loc.72
/var/folders/sh/lj4855x88xqgpw006s7bny180000gn/T//ccGEji4C.s:450    .text:00000232 L0
/var/folders/sh/lj4855x88xqgpw006s7bny180000gn/T//ccGEji4C.s:457    .data:00000012 NextRandom
/var/folders/sh/lj4855x88xqgpw006s7bny180000gn/T//ccGEji4C.s:465    .text:00000232 L0
                     .debug_frame:00000000 L0
/var/folders/sh/lj4855x88xqgpw006s7bny180000gn/T//ccGEji4C.s:140    .text:00000098 .L2
/var/folders/sh/lj4855x88xqgpw006s7bny180000gn/T//ccGEji4C.s:169    .text:000000c8 .L3
/var/folders/sh/lj4855x88xqgpw006s7bny180000gn/T//ccGEji4C.s:208    .text:00000104 .L4
/var/folders/sh/lj4855x88xqgpw006s7bny180000gn/T//ccGEji4C.s:247    .text:00000140 .L5
/var/folders/sh/lj4855x88xqgpw006s7bny180000gn/T//ccGEji4C.s:275    .text:0000016a .L6
/var/folders/sh/lj4855x88xqgpw006s7bny180000gn/T//ccGEji4C.s:292    .text:00000186 .L7
/var/folders/sh/lj4855x88xqgpw006s7bny180000gn/T//ccGEji4C.s:111    .text:00000068 .L9
/var/folders/sh/lj4855x88xqgpw006s7bny180000gn/T//ccGEji4C.s:342    .text:000001b6 .L11
/var/folders/sh/lj4855x88xqgpw006s7bny180000gn/T//ccGEji4C.s:333    .text:000001aa .L12
/var/folders/sh/lj4855x88xqgpw006s7bny180000gn/T//ccGEji4C.s:433    .text:00000218 .L14
/var/folders/sh/lj4855x88xqgpw006s7bny180000gn/T//ccGEji4C.s:421    .text:00000206 .L15
/var/folders/sh/lj4855x88xqgpw006s7bny180000gn/T//ccGEji4C.s:394    .text:000001e8 .L16
/var/folders/sh/lj4855x88xqgpw006s7bny180000gn/T//ccGEji4C.s:386    .text:000001de .L17
/var/folders/sh/lj4855x88xqgpw006s7bny180000gn/T//ccGEji4C.s:689    .debug_abbrev:00000000 .Ldebug_abbrev0
/var/folders/sh/lj4855x88xqgpw006s7bny180000gn/T//ccGEji4C.s:8      .text:00000000 .Ltext0
/var/folders/sh/lj4855x88xqgpw006s7bny180000gn/T//ccGEji4C.s:463    .text:00000232 .Letext0
/var/folders/sh/lj4855x88xqgpw006s7bny180000gn/T//ccGEji4C.s:883    .debug_line:00000000 .Ldebug_line0
GAS LISTING /var/folders/sh/lj4855x88xqgpw006s7bny180000gn/T//ccGEji4C.s 			page 23


/var/folders/sh/lj4855x88xqgpw006s7bny180000gn/T//ccGEji4C.s:363    .text:000001cc .LFB3
/var/folders/sh/lj4855x88xqgpw006s7bny180000gn/T//ccGEji4C.s:451    .text:00000232 .LFE3
/var/folders/sh/lj4855x88xqgpw006s7bny180000gn/T//ccGEji4C.s:311    .text:0000019a .LFB2
/var/folders/sh/lj4855x88xqgpw006s7bny180000gn/T//ccGEji4C.s:358    .text:000001cc .LFE2
/var/folders/sh/lj4855x88xqgpw006s7bny180000gn/T//ccGEji4C.s:32     .text:00000000 .LFB0
/var/folders/sh/lj4855x88xqgpw006s7bny180000gn/T//ccGEji4C.s:306    .text:0000019a .LFE0
/var/folders/sh/lj4855x88xqgpw006s7bny180000gn/T//ccGEji4C.s:466    .debug_info:00000000 .Ldebug_info0

UNDEFINED SYMBOLS
Random
delayus
__do_copy_data
